Initialized native services in: /home/banggayeon/.gradle/native
Initialized jansi services in: /home/banggayeon/.gradle/native
To honour the JVM settings for this build a single-use Daemon process will be forked. For more on this, please refer to https://docs.gradle.org/9.2.1/userguide/gradle_daemon.html#sec:disabling_the_daemon in the Gradle documentation.
Starting process 'Gradle build daemon'. Working directory: /home/banggayeon/.gradle/daemon/9.2.1 Command: /usr/lib/jvm/java-21-openjdk-amd64/bin/java --add-opens=java.base/java.lang=ALL-UNNAMED --add-opens=java.base/java.lang.invoke=ALL-UNNAMED --add-opens=java.base/java.util=ALL-UNNAMED --add-opens=java.prefs/java.util.prefs=ALL-UNNAMED --add-exports=jdk.compiler/com.sun.tools.javac.api=ALL-UNNAMED --add-exports=jdk.compiler/com.sun.tools.javac.util=ALL-UNNAMED --add-opens=java.base/java.util=ALL-UNNAMED --add-opens=java.prefs/java.util.prefs=ALL-UNNAMED --add-opens=java.base/java.nio.charset=ALL-UNNAMED --add-opens=java.base/java.net=ALL-UNNAMED --add-opens=java.base/java.util.concurrent=ALL-UNNAMED --add-opens=java.base/java.util.concurrent.atomic=ALL-UNNAMED --add-opens=java.xml/javax.xml.namespace=ALL-UNNAMED --add-opens=java.base/java.time=ALL-UNNAMED -XX:MaxMetaspaceSize=384m -XX:+HeapDumpOnOutOfMemoryError -Xms256m -Xmx512m -Dfile.encoding=UTF-8 -Duser.country -Duser.language=en -Duser.variant -cp /home/banggayeon/.gradle/wrapper/dists/gradle-9.2.1-bin/2t0n5ozlw9xmuyvbp7dnzaxug/gradle-9.2.1/lib/gradle-daemon-main-9.2.1.jar -javaagent:/home/banggayeon/.gradle/wrapper/dists/gradle-9.2.1-bin/2t0n5ozlw9xmuyvbp7dnzaxug/gradle-9.2.1/lib/agents/gradle-instrumentation-agent-9.2.1.jar org.gradle.launcher.daemon.bootstrap.GradleDaemon 9.2.1
Successfully started process 'Gradle build daemon'
An attempt to start the daemon took 1.463 secs.
The client will now receive all logging from the daemon (pid: 10530). The daemon log file: /home/banggayeon/.gradle/daemon/9.2.1/daemon-10530.out.log
Daemon will be stopped at the end of the build 
Using 22 worker leases.
Operational build model parameters: {requiresToolingModels=false, parallelProjectExecution=false, configureOnDemand=false, configurationCache=false, configurationCacheParallelStore=false, configurationCacheParallelLoad=true, isolatedProjects=false, parallelProjectConfiguration=false, intermediateModelCache=false, parallelToolingApiActions=false, invalidateCoupledProjects=false, modelAsProjectDependency=false, resilientModelBuilding=false}
Received JVM installation metadata from '/usr/lib/jvm/java-21-openjdk-amd64': {JAVA_HOME=/usr/lib/jvm/java-21-openjdk-amd64, JAVA_VERSION=21.0.7, JAVA_VENDOR=Ubuntu, RUNTIME_NAME=OpenJDK Runtime Environment, RUNTIME_VERSION=21.0.7+6-Ubuntu-0ubuntu120.04, VM_NAME=OpenJDK 64-Bit Server VM, VM_VERSION=21.0.7+6-Ubuntu-0ubuntu120.04, VM_VENDOR=Ubuntu, OS_ARCH=amd64}
Watching the file system is configured to be enabled if available
Not watching /mnt/c/Users/gayeon/Documents/coding/spring/workflow-approval-dispatcher since the file system is not supported
File system watching is active
Starting Build
Settings evaluated using settings file '/mnt/c/Users/gayeon/Documents/coding/spring/workflow-approval-dispatcher/settings.gradle'.
Projects loaded. Root project using build file '/mnt/c/Users/gayeon/Documents/coding/spring/workflow-approval-dispatcher/build.gradle'.
Included projects: [root project 'workflow-approval-dispatcher']

> Configure project :
Evaluating root project 'workflow-approval-dispatcher' using build file '/mnt/c/Users/gayeon/Documents/coding/spring/workflow-approval-dispatcher/build.gradle'.
Resolved plugin [id: 'java']
Resolved plugin [id: 'org.springframework.boot', version: '3.3.5']
Resolved plugin [id: 'io.spring.dependency-management', version: '1.1.7']
Applying dependency management to configuration 'annotationProcessor' in project 'workflow-approval-dispatcher'
Applying dependency management to configuration 'apiElements' in project 'workflow-approval-dispatcher'
Applying dependency management to configuration 'archives' in project 'workflow-approval-dispatcher'
Applying dependency management to configuration 'bootArchives' in project 'workflow-approval-dispatcher'
Applying dependency management to configuration 'compileClasspath' in project 'workflow-approval-dispatcher'
Applying dependency management to configuration 'compileOnly' in project 'workflow-approval-dispatcher'
Applying dependency management to configuration 'default' in project 'workflow-approval-dispatcher'
Applying dependency management to configuration 'developmentOnly' in project 'workflow-approval-dispatcher'
Applying dependency management to configuration 'implementation' in project 'workflow-approval-dispatcher'
Applying dependency management to configuration 'mainSourceElements' in project 'workflow-approval-dispatcher'
Applying dependency management to configuration 'productionRuntimeClasspath' in project 'workflow-approval-dispatcher'
Applying dependency management to configuration 'runtimeClasspath' in project 'workflow-approval-dispatcher'
Applying dependency management to configuration 'runtimeElements' in project 'workflow-approval-dispatcher'
Applying dependency management to configuration 'runtimeOnly' in project 'workflow-approval-dispatcher'
Applying dependency management to configuration 'testAndDevelopmentOnly' in project 'workflow-approval-dispatcher'
Applying dependency management to configuration 'testAnnotationProcessor' in project 'workflow-approval-dispatcher'
Applying dependency management to configuration 'testCompileClasspath' in project 'workflow-approval-dispatcher'
Applying dependency management to configuration 'testCompileOnly' in project 'workflow-approval-dispatcher'
Applying dependency management to configuration 'testImplementation' in project 'workflow-approval-dispatcher'
Applying dependency management to configuration 'testResultsElementsForTest' in project 'workflow-approval-dispatcher'
Applying dependency management to configuration 'testRuntimeClasspath' in project 'workflow-approval-dispatcher'
Applying dependency management to configuration 'testRuntimeOnly' in project 'workflow-approval-dispatcher'
All projects evaluated.
Task name matched 'bootRun'
Selected primary task 'bootRun' from project :
Path for java installation '/usr/lib/jvm/openjdk-21' (Common Linux Locations) auto-detected does not contain a java executable
Resolving global dependency management for project 'workflow-approval-dispatcher'
Excluding []
Excluding []
Excluding []
Excluding []
Excluding []
Tasks to be executed: [task ':compileJava', task ':processResources', task ':classes', task ':resolveMainClassName', task ':bootRun']
Tasks that were excluded: []
Resolve mutations for :compileJava (Thread[#308,Execution worker,5,main]) started.
:compileJava (Thread[#308,Execution worker,5,main]) started.

> Task :compileJava UP-TO-DATE
Custom actions are attached to task ':compileJava'.
Caching disabled for task ':compileJava' because:
  Build cache is disabled
Skipping task ':compileJava' as it is up-to-date.
Resolve mutations for :processResources (Thread[#308,Execution worker,5,main]) started.
:processResources (Thread[#308,Execution worker,5,main]) started.

> Task :processResources UP-TO-DATE
Caching disabled for task ':processResources' because:
  Build cache is disabled
  Not worth caching
Skipping task ':processResources' as it is up-to-date.
Resolve mutations for :classes (Thread[#308,Execution worker,5,main]) started.
:classes (Thread[#308,Execution worker,5,main]) started.

> Task :classes UP-TO-DATE
Skipping task ':classes' as it has no actions.
Resolve mutations for :resolveMainClassName (Thread[#308,Execution worker,5,main]) started.
:resolveMainClassName (Thread[#308,Execution worker,5,main]) started.

> Task :resolveMainClassName UP-TO-DATE
Caching disabled for task ':resolveMainClassName' because:
  Build cache is disabled
  Not worth caching
Skipping task ':resolveMainClassName' as it is up-to-date.
Resolve mutations for :bootRun (Thread[#308,Execution worker,5,main]) started.
:bootRun (Thread[#308,Execution worker,5,main]) started.

> Task :bootRun
Caching disabled for task ':bootRun' because:
  Build cache is disabled
Task ':bootRun' is not up-to-date because:
  Task has not declared any outputs despite executing actions.
Starting process 'command '/usr/lib/jvm/java-21-openjdk-amd64/bin/java''. Working directory: /mnt/c/Users/gayeon/Documents/coding/spring/workflow-approval-dispatcher Command: /usr/lib/jvm/java-21-openjdk-amd64/bin/java -XX:TieredStopAtLevel=1 -Dfile.encoding=UTF-8 -Duser.country -Duser.language=en -Duser.variant -cp /mnt/c/Users/gayeon/Documents/coding/spring/workflow-approval-dispatcher/build/classes/java/main:/mnt/c/Users/gayeon/Documents/coding/spring/workflow-approval-dispatcher/build/resources/main:/home/banggayeon/.gradle/caches/modules-2/files-2.1/org.springdoc/springdoc-openapi-starter-webmvc-ui/3.0.1/c522542c0ac67ab9d23ceb14b6503544ef9bb9c0/springdoc-openapi-starter-webmvc-ui-3.0.1.jar:/home/banggayeon/.gradle/caches/modules-2/files-2.1/com.h2database/h2/2.2.224/7bdade27d8cd197d9b5ce9dc251f41d2edc5f7ad/h2-2.2.224.jar:/home/banggayeon/.gradle/caches/modules-2/files-2.1/org.springdoc/springdoc-openapi-starter-webmvc-api/3.0.1/aa11ea38bf49d5f34c6bb921adf008d2b8c93944/springdoc-openapi-starter-webmvc-api-3.0.1.jar:/home/banggayeon/.gradle/caches/modules-2/files-2.1/org.springframework.boot/spring-boot-webmvc/4.0.1/4635bb0220cba3d95ab0b0883b5b1460f59bb31d/spring-boot-webmvc-4.0.1.jar:/home/banggayeon/.gradle/caches/modules-2/files-2.1/org.springframework/spring-webmvc/6.1.14/804478303aac6f91ea566efd4fef3dc06380528a/spring-webmvc-6.1.14.jar:/home/banggayeon/.gradle/caches/modules-2/files-2.1/org.springframework.boot/spring-boot-web-server/4.0.1/659ce5f51c2bb7161db2811150a555a121dabd68/spring-boot-web-server-4.0.1.jar:/home/banggayeon/.gradle/caches/modules-2/files-2.1/org.springframework.boot/spring-boot-http-converter/4.0.1/ff2953160f2bffc4c888067300f9bf367ae55f26/spring-boot-http-converter-4.0.1.jar:/home/banggayeon/.gradle/caches/modules-2/files-2.1/org.springframework.boot/spring-boot-servlet/4.0.1/3dcddba717a9deb204925f41f8e596bba07f417f/spring-boot-servlet-4.0.1.jar:/home/banggayeon/.gradle/caches/modules-2/files-2.1/org.springframework/spring-web/6.1.14/b45eaad7df4f37ce224acdcb555a6a3dd5c246b2/spring-web-6.1.14.jar:/home/banggayeon/.gradle/caches/modules-2/files-2.1/org.hibernate.orm/hibernate-core/6.5.3.Final/1e23c320a5d10f5eaecbd23095fca5c5c83c1fb5/hibernate-core-6.5.3.Final.jar:/home/banggayeon/.gradle/caches/modules-2/files-2.1/org.springframework.data/spring-data-jpa/3.3.5/72a3aa723e1008cc6216f94e79e2de721fc4c513/spring-data-jpa-3.3.5.jar:/home/banggayeon/.gradle/caches/modules-2/files-2.1/org.springframework/spring-aspects/6.1.14/cd9d1c53457ac159e1eba3f342cbd6bf8dad4027/spring-aspects-6.1.14.jar:/home/banggayeon/.gradle/caches/modules-2/files-2.1/org.springdoc/springdoc-openapi-starter-common/3.0.1/f6dbd5d7e6f0d19eaf359b6a697cf6de9b8e2fe0/springdoc-openapi-starter-common-3.0.1.jar:/home/banggayeon/.gradle/caches/modules-2/files-2.1/org.springframework.boot/spring-boot-validation/4.0.1/51922ef1ef8049c95e2749d2a11bcb60d59c3ecf/spring-boot-validation-4.0.1.jar:/home/banggayeon/.gradle/caches/modules-2/files-2.1/org.apache.tomcat.embed/tomcat-embed-el/10.1.31/ab21108d69bb42160eff7b905f606a1d0c21ae67/tomcat-embed-el-10.1.31.jar:/home/banggayeon/.gradle/caches/modules-2/files-2.1/org.hibernate.validator/hibernate-validator/8.0.1.Final/e49e116b3d3928060599b176b3538bb848718e95/hibernate-validator-8.0.1.Final.jar:/home/banggayeon/.gradle/caches/modules-2/files-2.1/org.webjars/swagger-ui/5.31.0/21769bdc10659d15b32063d3dd09ca2a2a2e5bbe/swagger-ui-5.31.0.jar:/home/banggayeon/.gradle/caches/modules-2/files-2.1/org.webjars/webjars-locator-lite/1.1.2/e7acbfaaf40f9cc2b67209a2a9c04b7fc4b19a5f/webjars-locator-lite-1.1.2.jar:/home/banggayeon/.gradle/caches/modules-2/files-2.1/org.springframework.boot/spring-boot-autoconfigure/3.3.5/1efbbd46eeef054986796200313f4bb0d53a7268/spring-boot-autoconfigure-3.3.5.jar:/home/banggayeon/.gradle/caches/modules-2/files-2.1/org.springframework.boot/spring-boot-jackson/4.0.1/245c1e71474e903bb06b6fffc018c4b2d98738c4/spring-boot-jackson-4.0.1.jar:/home/banggayeon/.gradle/caches/modules-2/files-2.1/org.springframework.boot/spring-boot/3.3.5/1a0d1dc425d445503bd01c9aa3683aaebc524e3b/spring-boot-3.3.5.jar:/home/banggayeon/.gradle/caches/modules-2/files-2.1/jakarta.annotation/jakarta.annotation-api/2.1.1/48b9bda22b091b1f48b13af03fe36db3be6e1ae3/jakarta.annotation-api-2.1.1.jar:/home/banggayeon/.gradle/caches/modules-2/files-2.1/org.springframework/spring-context/6.1.14/b3d96fb4310376a608465c3544b7cfb790293787/spring-context-6.1.14.jar:/home/banggayeon/.gradle/caches/modules-2/files-2.1/org.springframework/spring-aop/6.1.14/3d5002d4c415c1ff4720f214c804d3d7e7d10111/spring-aop-6.1.14.jar:/home/banggayeon/.gradle/caches/modules-2/files-2.1/org.springframework/spring-orm/6.1.14/fc113b824cb790ae320cc7f97803d92cbb9ebf6e/spring-orm-6.1.14.jar:/home/banggayeon/.gradle/caches/modules-2/files-2.1/org.springframework/spring-jdbc/6.1.14/30ecdc7b9031553835ae16fa786fb24297adc857/spring-jdbc-6.1.14.jar:/home/banggayeon/.gradle/caches/modules-2/files-2.1/org.springframework.data/spring-data-commons/3.3.5/fb640c93121dc1e57b63d9315f646cd828f7368d/spring-data-commons-3.3.5.jar:/home/banggayeon/.gradle/caches/modules-2/files-2.1/org.springframework/spring-tx/6.1.14/f6cc1a08472e8ac51298a26bbe0f8b3d47d43175/spring-tx-6.1.14.jar:/home/banggayeon/.gradle/caches/modules-2/files-2.1/org.springframework/spring-beans/6.1.14/be71b919145e20fb7f38c81467d7d0f1c09ad1bd/spring-beans-6.1.14.jar:/home/banggayeon/.gradle/caches/modules-2/files-2.1/org.springframework/spring-expression/6.1.14/495646d4968fb90aa97bc05a7d298d0c32898a1d/spring-expression-6.1.14.jar:/home/banggayeon/.gradle/caches/modules-2/files-2.1/org.springframework/spring-core/6.1.14/45d2d808015bf6c5411e457fa09e843042dc3a76/spring-core-6.1.14.jar:/home/banggayeon/.gradle/caches/modules-2/files-2.1/io.swagger.core.v3/swagger-core-jakarta/2.2.41/7dc6b47e28b83921fc1173525eb37f1f59b18d37/swagger-core-jakarta-2.2.41.jar:/home/banggayeon/.gradle/caches/modules-2/files-2.1/com.fasterxml.jackson.datatype/jackson-datatype-jdk8/2.17.2/efd3dd0e1d0db8bc72abbe71c15e697bb83b4b45/jackson-datatype-jdk8-2.17.2.jar:/home/banggayeon/.gradle/caches/modules-2/files-2.1/com.fasterxml.jackson.datatype/jackson-datatype-jsr310/2.17.2/267b85e9ba2892a37be6d80aa9ca1438a0d8c210/jackson-datatype-jsr310-2.17.2.jar:/home/banggayeon/.gradle/caches/modules-2/files-2.1/com.fasterxml.jackson.module/jackson-module-parameter-names/2.17.2/d27b9f95ccce98984c1ba58d61c5a9c072b1ad95/jackson-module-parameter-names-2.17.2.jar:/home/banggayeon/.gradle/caches/modules-2/files-2.1/com.fasterxml.jackson.core/jackson-databind/2.17.2/e6deb029e5901e027c129341fac39e515066b68c/jackson-databind-2.17.2.jar:/home/banggayeon/.gradle/caches/modules-2/files-2.1/io.swagger.core.v3/swagger-models-jakarta/2.2.41/3f57b30a6ca6624dd6feb2612f2f17bea1e2b3d9/swagger-models-jakarta-2.2.41.jar:/home/banggayeon/.gradle/caches/modules-2/files-2.1/tools.jackson.core/jackson-core/3.0.3/d208ec73d6a17667a0462cfc3237076a087bc936/jackson-core-3.0.3.jar:/home/banggayeon/.gradle/caches/modules-2/files-2.1/tools.jackson.core/jackson-databind/3.0.3/c024f05711e311341d4338cbb7905696e20921f8/jackson-databind-3.0.3.jar:/home/banggayeon/.gradle/caches/modules-2/files-2.1/com.fasterxml.jackson.core/jackson-annotations/2.17.2/147b7b9412ffff24339f8aba080b292448e08698/jackson-annotations-2.17.2.jar:/home/banggayeon/.gradle/caches/modules-2/files-2.1/com.fasterxml.jackson.core/jackson-core/2.17.2/969a35cb35c86512acbadcdbbbfb044c877db814/jackson-core-2.17.2.jar:/home/banggayeon/.gradle/caches/modules-2/files-2.1/com.fasterxml.jackson.dataformat/jackson-dataformat-yaml/2.17.2/78d2c73dbec62044d7cf3b544b2e0d24a1a093b0/jackson-dataformat-yaml-2.17.2.jar:/home/banggayeon/.gradle/caches/modules-2/files-2.1/org.yaml/snakeyaml/2.2/3af797a25458550a16bf89acc8e4ab2b7f2bfce0/snakeyaml-2.2.jar:/home/banggayeon/.gradle/caches/modules-2/files-2.1/org.apache.tomcat.embed/tomcat-embed-websocket/10.1.31/6f755a475e44ece496ae3402de0c6c2dbea63921/tomcat-embed-websocket-10.1.31.jar:/home/banggayeon/.gradle/caches/modules-2/files-2.1/org.apache.tomcat.embed/tomcat-embed-core/10.1.31/a91cc0a95157228d9cccb1a9e8fb9c77c048c937/tomcat-embed-core-10.1.31.jar:/home/banggayeon/.gradle/caches/modules-2/files-2.1/io.micrometer/micrometer-observation/1.13.6/8650b5372db17587f1271cd130beafa93d7eb573/micrometer-observation-1.13.6.jar:/home/banggayeon/.gradle/caches/modules-2/files-2.1/org.aspectj/aspectjweaver/1.9.22.1/bca243d0af0db4758fbae45c5f4995cb5dabb612/aspectjweaver-1.9.22.1.jar:/home/banggayeon/.gradle/caches/modules-2/files-2.1/com.zaxxer/HikariCP/5.1.0/8c96e36c14461fc436bb02b264b96ef3ca5dca8c/HikariCP-5.1.0.jar:/home/banggayeon/.gradle/caches/modules-2/files-2.1/jakarta.persistence/jakarta.persistence-api/3.1.0/66901fa1c373c6aff65c13791cc11da72060a8d6/jakarta.persistence-api-3.1.0.jar:/home/banggayeon/.gradle/caches/modules-2/files-2.1/jakarta.transaction/jakarta.transaction-api/2.0.1/51a520e3fae406abb84e2e1148e6746ce3f80a1a/jakarta.transaction-api-2.0.1.jar:/home/banggayeon/.gradle/caches/modules-2/files-2.1/org.jboss.logging/jboss-logging/3.5.3.Final/c88fc1d8a96d4c3491f55d4317458ccad53ca663/jboss-logging-3.5.3.Final.jar:/home/banggayeon/.gradle/caches/modules-2/files-2.1/org.hibernate.common/hibernate-commons-annotations/6.0.6.Final/77a5f94b56d49508e0ee334751db5b78e5ccd50c/hibernate-commons-annotations-6.0.6.Final.jar:/home/banggayeon/.gradle/caches/modules-2/files-2.1/io.smallrye/jandex/3.1.2/a6c1c89925c7df06242b03dddb353116ceb9584c/jandex-3.1.2.jar:/home/banggayeon/.gradle/caches/modules-2/files-2.1/com.fasterxml/classmate/1.7.0/e98374da1f2143ac8e6e0a95036994bb19137a3/classmate-1.7.0.jar:/home/banggayeon/.gradle/caches/modules-2/files-2.1/net.bytebuddy/byte-buddy/1.14.19/4c0c637b8f47dc08f89240e6f59900011752c97b/byte-buddy-1.14.19.jar:/home/banggayeon/.gradle/caches/modules-2/files-2.1/org.glassfish.jaxb/jaxb-runtime/4.0.5/ca84c2a7169b5293e232b9d00d1e4e36d4c3914a/jaxb-runtime-4.0.5.jar:/home/banggayeon/.gradle/caches/modules-2/files-2.1/org.glassfish.jaxb/jaxb-core/4.0.5/7b4b11ea5542eea4ad55e1080b23be436795b3/jaxb-core-4.0.5.jar:/home/banggayeon/.gradle/caches/modules-2/files-2.1/jakarta.xml.bind/jakarta.xml.bind-api/4.0.2/6cd5a999b834b63238005b7144136379dc36cad2/jakarta.xml.bind-api-4.0.2.jar:/home/banggayeon/.gradle/caches/modules-2/files-2.1/jakarta.inject/jakarta.inject-api/2.0.1/4c28afe1991a941d7702fe1362c365f0a8641d1e/jakarta.inject-api-2.0.1.jar:/home/banggayeon/.gradle/caches/modules-2/files-2.1/org.antlr/antlr4-runtime/4.13.0/5a02e48521624faaf5ff4d99afc88b01686af655/antlr4-runtime-4.13.0.jar:/home/banggayeon/.gradle/caches/modules-2/files-2.1/ch.qos.logback/logback-classic/1.5.11/c4473fb51fea6682ad477cf3c2206b8b9623b9d8/logback-classic-1.5.11.jar:/home/banggayeon/.gradle/caches/modules-2/files-2.1/org.apache.logging.log4j/log4j-to-slf4j/2.23.1/425ad1eb8a39904d2830e907a324e956fb456520/log4j-to-slf4j-2.23.1.jar:/home/banggayeon/.gradle/caches/modules-2/files-2.1/org.slf4j/jul-to-slf4j/2.0.16/6d57da3e961daac65bcca0dd3def6cd11e48a24a/jul-to-slf4j-2.0.16.jar:/home/banggayeon/.gradle/caches/modules-2/files-2.1/org.slf4j/slf4j-api/2.0.16/172931663a09a1fa515567af5fbef00897d3c04/slf4j-api-2.0.16.jar:/home/banggayeon/.gradle/caches/modules-2/files-2.1/jakarta.validation/jakarta.validation-api/3.0.2/92b6631659ba35ca09e44874d3eb936edfeee532/jakarta.validation-api-3.0.2.jar:/home/banggayeon/.gradle/caches/modules-2/files-2.1/org.jspecify/jspecify/0.3.0/fc1a0c38a07667f2dbbece32164dac2d0056d205/jspecify-0.3.0.jar:/home/banggayeon/.gradle/caches/modules-2/files-2.1/org.springframework/spring-jcl/6.1.14/842b2b24a375efd79af436860d22ba4e0082ff4b/spring-jcl-6.1.14.jar:/home/banggayeon/.gradle/caches/modules-2/files-2.1/io.micrometer/micrometer-commons/1.13.6/224f398df08315a8f9cda21fcb4f062d24da4a49/micrometer-commons-1.13.6.jar:/home/banggayeon/.gradle/caches/modules-2/files-2.1/org.eclipse.angus/angus-activation/2.0.2/41f1e0ddd157c856926ed149ab837d110955a9fc/angus-activation-2.0.2.jar:/home/banggayeon/.gradle/caches/modules-2/files-2.1/jakarta.activation/jakarta.activation-api/2.1.3/fa165bd70cda600368eee31555222776a46b881f/jakarta.activation-api-2.1.3.jar:/home/banggayeon/.gradle/caches/modules-2/files-2.1/ch.qos.logback/logback-core/1.5.11/727bdb8dc75b6c392f9be56224503948abc248e8/logback-core-1.5.11.jar:/home/banggayeon/.gradle/caches/modules-2/files-2.1/org.apache.logging.log4j/log4j-api/2.23.1/9c15c29c526d9c6783049c0a77722693c66706e1/log4j-api-2.23.1.jar:/home/banggayeon/.gradle/caches/modules-2/files-2.1/org.glassfish.jaxb/txw2/4.0.5/f36a4ef12120a9bb06d766d6a0e54b144fd7ed98/txw2-4.0.5.jar:/home/banggayeon/.gradle/caches/modules-2/files-2.1/com.sun.istack/istack-commons-runtime/4.1.2/18ec117c85f3ba0ac65409136afa8e42bc74e739/istack-commons-runtime-4.1.2.jar:/home/banggayeon/.gradle/caches/modules-2/files-2.1/org.apache.commons/commons-lang3/3.14.0/1ed471194b02f2c6cb734a0cd6f6f107c673afae/commons-lang3-3.14.0.jar:/home/banggayeon/.gradle/caches/modules-2/files-2.1/io.swagger.core.v3/swagger-annotations-jakarta/2.2.41/bd1988adb6f1eac7df260f4268c7a37f723e632f/swagger-annotations-jakarta-2.2.41.jar com.banggayeon.workflow_approval_dispatcher.WorkflowApprovalDispatcherApplication
Successfully started process 'command '/usr/lib/jvm/java-21-openjdk-amd64/bin/java''
14:50:43.749 [main] ERROR org.springframework.boot.SpringApplication -- Application run failed
java.lang.NoClassDefFoundError: org/springframework/boot/web/context/servlet/ApplicationServletEnvironment
	at org.springframework.boot.web.server.servlet.context.ServletWebServerApplicationContextFactory.createEnvironment(ServletWebServerApplicationContextFactory.java:46)
	at org.springframework.boot.DefaultApplicationContextFactory.getFromSpringFactories(DefaultApplicationContextFactory.java:70)
	at org.springframework.boot.DefaultApplicationContextFactory.createEnvironment(DefaultApplicationContextFactory.java:44)
	at org.springframework.boot.SpringApplication.getOrCreateEnvironment(SpringApplication.java:490)
	at org.springframework.boot.SpringApplication.prepareEnvironment(SpringApplication.java:367)
	at org.springframework.boot.SpringApplication.run(SpringApplication.java:330)
	at org.springframework.boot.SpringApplication.run(SpringApplication.java:1363)
	at org.springframework.boot.SpringApplication.run(SpringApplication.java:1352)
	at com.banggayeon.workflow_approval_dispatcher.WorkflowApprovalDispatcherApplication.main(WorkflowApprovalDispatcherApplication.java:10)
Caused by: java.lang.ClassNotFoundException: org.springframework.boot.web.context.servlet.ApplicationServletEnvironment
	at java.base/jdk.internal.loader.BuiltinClassLoader.loadClass(BuiltinClassLoader.java:641)
	at java.base/jdk.internal.loader.ClassLoaders$AppClassLoader.loadClass(ClassLoaders.java:188)
	at java.base/java.lang.ClassLoader.loadClass(ClassLoader.java:526)
	... 9 common frames omitted
Exception in thread "main" java.lang.IllegalStateException: java.lang.NoClassDefFoundError: org/springframework/boot/web/context/servlet/ApplicationServletEnvironment
	at org.springframework.boot.SpringApplication.handleRunFailure(SpringApplication.java:825)
	at org.springframework.boot.SpringApplication.run(SpringApplication.java:345)
	at org.springframework.boot.SpringApplication.run(SpringApplication.java:1363)
	at org.springframework.boot.SpringApplication.run(SpringApplication.java:1352)
	at com.banggayeon.workflow_approval_dispatcher.WorkflowApprovalDispatcherApplication.main(WorkflowApprovalDispatcherApplication.java:10)
Caused by: java.lang.NoClassDefFoundError: org/springframework/boot/web/context/servlet/ApplicationServletEnvironment
	at org.springframework.boot.web.server.servlet.context.ServletWebServerApplicationContextFactory.createEnvironment(ServletWebServerApplicationContextFactory.java:46)
	at org.springframework.boot.DefaultApplicationContextFactory.getFromSpringFactories(DefaultApplicationContextFactory.java:70)
	at org.springframework.boot.DefaultApplicationContextFactory.createEnvironment(DefaultApplicationContextFactory.java:44)
	at org.springframework.boot.SpringApplication.getOrCreateEnvironment(SpringApplication.java:490)
	at org.springframework.boot.SpringApplication.prepareEnvironment(SpringApplication.java:367)
	at org.springframework.boot.SpringApplication.run(SpringApplication.java:330)
	... 3 more
Caused by: java.lang.ClassNotFoundException: org.springframework.boot.web.context.servlet.ApplicationServletEnvironment
	at java.base/jdk.internal.loader.BuiltinClassLoader.loadClass(BuiltinClassLoader.java:641)
	at java.base/jdk.internal.loader.ClassLoaders$AppClassLoader.loadClass(ClassLoaders.java:188)
	at java.base/java.lang.ClassLoader.loadClass(ClassLoader.java:526)
	... 9 more

> Task :bootRun FAILED

FAILURE: Build failed with an exception.

* What went wrong:
Execution failed for task ':bootRun'.
> Process 'command '/usr/lib/jvm/java-21-openjdk-amd64/bin/java'' finished with non-zero exit value 1

* Try:
> Run with --stacktrace option to get the stack trace.
> Run with --debug option to get more log output.
> Run with --scan to generate a Build Scan (powered by Develocity).
> Get more help at https://help.gradle.org.

BUILD FAILED in 16s
4 actionable tasks: 1 executed, 3 up-to-date
Some of the file system contents retained in the virtual file system are on file systems that Gradle doesn't support watching. The relevant state was discarded to ensure changes to these locations are properly detected. You can override this by explicitly enabling file system watching.
